<?xml version="1.0" encoding="UTF-8"?>
<testng-results ignored="0" total="1" passed="1" failed="0" skipped="0">
  <reporter-output>
    <line>
      <![CDATA[Login Successfull]]>
    </line>
    <line>
      <![CDATA[You are now on product index page]]>
    </line>
    <line>
      <![CDATA[You are on add product page]]>
    </line>
  </reporter-output>
  <suite started-at="2023-09-30T09:36:07 IST" name="Suite" finished-at="2023-09-30T09:36:50 IST" duration-ms="42965">
    <groups>
    </groups>
    <test started-at="2023-09-30T09:36:07 IST" name="Test" finished-at="2023-09-30T09:36:50 IST" duration-ms="42965">
      <class name="com.btc.testscripts.BtcProductTest">
        <test-method is-config="true" signature="initialization(java.lang.String)[pri:0, instance:com.btc.testscripts.BtcProductTest@2fb3536e]" started-at="2023-09-30T09:36:07 IST" name="initialization" finished-at="2023-09-30T09:36:37 IST" duration-ms="30489" status="PASS">
          <params>
            <param index="0">
              <value>
                <![CDATA[chrome]]>
              </value>
            </param>
          </params>
          <reporter-output>
          </reporter-output>
        </test-method> <!-- initialization -->
        <test-method signature="enterAddNewProduct()[pri:0, instance:com.btc.testscripts.BtcProductTest@2fb3536e]" started-at="2023-09-30T09:36:37 IST" name="enterAddNewProduct" finished-at="2023-09-30T09:36:49 IST" duration-ms="12388" status="PASS">
          <reporter-output>
            <line>
              <![CDATA[Login Successfull]]>
            </line>
            <line>
              <![CDATA[You are now on product index page]]>
            </line>
            <line>
              <![CDATA[You are on add product page]]>
            </line>
          </reporter-output>
        </test-method> <!-- enterAddNewProduct -->
      </class> <!-- com.btc.testscripts.BtcProductTest -->
    </test> <!-- Test -->
  </suite> <!-- Suite -->
</testng-results>
